<?xml version="1.0" encoding="UTF-8"?>
<!-- Generated by org.testng.reporters.JUnitReportReporter -->
<testsuite hostname="Vaibhav" failures="0" tests="1" name="Patrol.Test.AddCases_SC_ByCaseTypeTest" time="82.180" errors="0" timestamp="2024-01-29T19:25:03 IST" skipped="0">
  <testcase classname="Patrol.Test.AddCases_SC_ByCaseTypeTest" name="verifyAddCases_SC_ByCaseType" time="82.180"/>
</testsuite> <!-- Patrol.Test.AddCases_SC_ByCaseTypeTest -->
