<?xml version="1.0" encoding="UTF-8"?>
<!-- Generated by org.testng.reporters.JUnitReportReporter -->
<testsuite hostname="DESKTOP-JDQLD7V" failures="0" tests="1" name="Patrol.Test.MatterNoteTest" time="46.641" errors="0" timestamp="2024-11-22T14:09:36 IST" skipped="0">
  <testcase classname="Patrol.Test.MatterNoteTest" name="makeNewMatterforHC" time="46.641"/>
  <system-out>
    <![CDATA[take screenshot succesfully]]>
  </system-out>
</testsuite> <!-- Patrol.Test.MatterNoteTest -->
