<?xml version="1.0" encoding="UTF-8"?>
<!-- Generated by org.testng.reporters.JUnitReportReporter -->
<testsuite hostname="DESKTOP-JDQLD7V" failures="0" tests="1" name="Patrol.Test.Patrol_InvoiceTest" time="20.159" errors="0" timestamp="2025-01-27T14:58:46 IST" skipped="0">
  <testcase classname="Patrol.Test.Patrol_InvoiceTest" name="verifyNotification" time="20.159"/>
</testsuite> <!-- Patrol.Test.Patrol_InvoiceTest -->
