<?xml version="1.0" encoding="UTF-8"?>
<!-- Generated by org.testng.reporters.JUnitReportReporter -->
<testsuite hostname="DESKTOP-JDQLD7V" failures="0" tests="1" name="Patrol.Test.MatterForSC" time="86.951" errors="0" timestamp="2024-11-21T15:21:02 IST" skipped="0">
  <testcase classname="Patrol.Test.MatterForSC" name="makeNewMatterforsc" time="86.951"/>
  <system-out>
    <![CDATA[take screenshot succesfully]]>
  </system-out>
</testsuite> <!-- Patrol.Test.MatterForSC -->
