<?xml version="1.0" encoding="UTF-8"?>
<!-- Generated by org.testng.reporters.JUnitReportReporter -->
<testsuite hostname="DESKTOP-JDQLD7V" failures="0" tests="1" name="Patrol.Test.Task" time="71.551" errors="0" timestamp="2024-11-25T16:01:07 IST" skipped="0">
  <testcase classname="Patrol.Test.Task" name="makeNewMatterforHC" time="71.551"/>
  <system-out>
    <![CDATA[take screenshot succesfully]]>
  </system-out>
</testsuite> <!-- Patrol.Test.Task -->
