<?xml version="1.0" encoding="UTF-8"?>
<!-- Generated by org.testng.reporters.JUnitReportReporter -->
<testsuite hostname="DESKTOP-JDQLD7V" failures="0" tests="1" name="Patrol.Test.Patrol_NotificationTest" time="19.755" errors="0" timestamp="2025-01-29T14:58:01 IST" skipped="0">
  <testcase classname="Patrol.Test.Patrol_NotificationTest" name="verifyNotification" time="19.755"/>
</testsuite> <!-- Patrol.Test.Patrol_NotificationTest -->
