<?xml version="1.0" encoding="UTF-8"?>
<!-- Generated by org.testng.reporters.JUnitReportReporter -->
<testsuite hostname="Vaibhav" failures="0" tests="1" name="Patrol.Test.AddCases_SC_ByAdvocateNameTest" time="45.973" errors="0" timestamp="2024-02-07T15:15:56 IST" skipped="0">
  <testcase classname="Patrol.Test.AddCases_SC_ByAdvocateNameTest" name="verifyAddCases_SC_ByAdvocateName" time="45.973"/>
</testsuite> <!-- Patrol.Test.AddCases_SC_ByAdvocateNameTest -->
