<?xml version="1.0" encoding="UTF-8"?>
<!-- Generated by org.testng.reporters.JUnitReportReporter -->
<testsuite hostname="Vaibhav" failures="0" tests="1" name="Patrol.Test.AddCases_HC_ByCaseTest" time="62.187" errors="0" timestamp="2024-02-08T16:21:47 IST" skipped="0">
  <testcase classname="Patrol.Test.AddCases_HC_ByCaseTest" name="verifyAddCases_HC_ByCase" time="62.187"/>
</testsuite> <!-- Patrol.Test.AddCases_HC_ByCaseTest -->
