<?xml version="1.0" encoding="UTF-8"?>
<!-- Generated by org.testng.reporters.JUnitReportReporter -->
<testsuite hostname="DESKTOP-JDQLD7V" failures="0" tests="1" name="Patrol.Test.MatterNoteTest" time="33.239" errors="0" timestamp="2025-01-29T15:33:04 IST" skipped="0">
  <testcase classname="Patrol.Test.MatterNoteTest" name="makeNewMatterforHC" time="33.239"/>
</testsuite> <!-- Patrol.Test.MatterNoteTest -->
