<?xml version="1.0" encoding="UTF-8"?>
<!-- Generated by org.testng.reporters.JUnitReportReporter -->
<testsuite hostname="Vaibhav" failures="0" tests="1" name="Patrol.Test.ActiveFirmTest" time="18.104" errors="0" timestamp="2024-01-22T18:32:41 IST" skipped="0">
  <testcase classname="Patrol.Test.ActiveFirmTest" name="verifyActiveFirm" time="18.104"/>
</testsuite> <!-- Patrol.Test.ActiveFirmTest -->
