<?xml version="1.0" encoding="UTF-8"?>
<!-- Generated by org.testng.reporters.JUnitReportReporter -->
<testsuite hostname="DESKTOP-JDQLD7V" failures="0" tests="1" name="Patrol.Test.MattersTest" time="75.169" errors="0" timestamp="2024-12-04T14:50:31 IST" skipped="0">
  <testcase classname="Patrol.Test.MattersTest" name="makeNewMatter" time="75.169"/>
</testsuite> <!-- Patrol.Test.MattersTest -->
