<?xml version="1.0" encoding="UTF-8"?>
<!-- Generated by org.testng.reporters.JUnitReportReporter -->
<testsuite hostname="DESKTOP-JDQLD7V" failures="0" tests="1" name="Patrol.Test.MatterforDrat" time="79.052" errors="0" timestamp="2024-12-04T14:52:43 IST" skipped="0">
  <testcase classname="Patrol.Test.MatterforDrat" name="makeNewMatterforTribunal" time="79.052"/>
</testsuite> <!-- Patrol.Test.MatterforDrat -->
