<?xml version="1.0" encoding="UTF-8"?>
<!-- Generated by org.testng.reporters.JUnitReportReporter -->
<testsuite hostname="Vaibhav" failures="0" tests="1" name="Patrol.Test.AddCases_HC_ByCNRNumberTest" time="58.061" errors="0" timestamp="2024-02-10T17:37:54 IST" skipped="0">
  <testcase classname="Patrol.Test.AddCases_HC_ByCNRNumberTest" name="verifyAddCases_HC_ByCNRNumber" time="58.061"/>
</testsuite> <!-- Patrol.Test.AddCases_HC_ByCNRNumberTest -->
