<?xml version="1.0" encoding="UTF-8"?>
<!-- Generated by org.testng.reporters.JUnitReportReporter -->
<testsuite hostname="DESKTOP-JDQLD7V" failures="0" tests="1" name="Patrol.Test.AddCase_HC_ByPartyNameTest" time="72.086" errors="0" timestamp="2025-01-28T14:58:16 IST" skipped="0">
  <testcase classname="Patrol.Test.AddCase_HC_ByPartyNameTest" name="verifyAddCase_HC_ByPartyName" time="72.086"/>
</testsuite> <!-- Patrol.Test.AddCase_HC_ByPartyNameTest -->
