<?xml version="1.0" encoding="UTF-8"?>
<!-- Generated by org.testng.reporters.JUnitReportReporter -->
<testsuite hostname="DESKTOP-JDQLD7V" failures="0" tests="1" name="Patrol.Test.DocumentTest" time="55.516" errors="0" timestamp="2024-11-23T13:53:49 IST" skipped="0">
  <testcase classname="Patrol.Test.DocumentTest" name="documentpage" time="55.516"/>
  <system-out>
    <![CDATA[take screenshot succesfully]]>
  </system-out>
</testsuite> <!-- Patrol.Test.DocumentTest -->
