<?xml version="1.0" encoding="UTF-8"?>
<!-- Generated by org.testng.reporters.JUnitReportReporter -->
<testsuite hostname="DESKTOP-JDQLD7V" failures="0" tests="1" name="Patrol.Test.Patrol_ChatTest" time="23.116" errors="0" timestamp="2025-01-27T15:33:48 IST" skipped="0">
  <testcase classname="Patrol.Test.Patrol_ChatTest" name="verifyNotification" time="23.116"/>
</testsuite> <!-- Patrol.Test.Patrol_ChatTest -->
