<?xml version="1.0" encoding="UTF-8"?>
<!-- Generated by org.testng.reporters.JUnitReportReporter -->
<testsuite hostname="DESKTOP-JDQLD7V" failures="0" tests="1" name="Patrol.Test.AddCases_HC_ByCNRNumberTest" time="41.494" errors="0" timestamp="2025-01-28T15:47:05 IST" skipped="0">
  <testcase classname="Patrol.Test.AddCases_HC_ByCNRNumberTest" name="verifyAddCases_HC_ByCNRNumber" time="41.494"/>
</testsuite> <!-- Patrol.Test.AddCases_HC_ByCNRNumberTest -->
