<?xml version="1.0" encoding="UTF-8"?>
<!-- Generated by org.testng.reporters.JUnitReportReporter -->
<testsuite hostname="DESKTOP-JDQLD7V" failures="0" tests="1" name="Patrol.Test.MatterForHC" time="81.538" errors="0" timestamp="2025-01-29T15:27:09 IST" skipped="0">
  <testcase classname="Patrol.Test.MatterForHC" name="makeNewMatterforHC" time="81.538"/>
</testsuite> <!-- Patrol.Test.MatterForHC -->
