<?xml version="1.0" encoding="UTF-8"?>
<!-- Generated by org.testng.reporters.JUnitReportReporter -->
<testsuite hostname="DESKTOP-JDQLD7V" failures="0" tests="1" name="Patrol.Test.DashBoardTest" time="20.070" errors="0" timestamp="2024-10-11T17:08:02 IST" skipped="0">
  <testcase classname="Patrol.Test.DashBoardTest" name="verifyDashBoard" time="20.070"/>
</testsuite> <!-- Patrol.Test.DashBoardTest -->
