<?xml version="1.0" encoding="UTF-8"?>
<!-- Generated by org.testng.reporters.JUnitReportReporter -->
<testsuite hostname="DESKTOP-JDQLD7V" failures="0" tests="1" name="Patrol.Test.AddCases_Tribunal_ByCaseTest" time="50.031" errors="0" timestamp="2025-01-28T16:55:22 IST" skipped="0">
  <testcase classname="Patrol.Test.AddCases_Tribunal_ByCaseTest" name="verifyTribunals" time="50.031"/>
</testsuite> <!-- Patrol.Test.AddCases_Tribunal_ByCaseTest -->
