<?xml version="1.0" encoding="UTF-8"?>
<!-- Generated by org.testng.reporters.JUnitReportReporter -->
<testsuite hostname="DESKTOP-JDQLD7V" failures="0" tests="1" name="Patrol.Test.Patrol_CasueListTest" time="24.841" errors="0" timestamp="2025-01-29T14:58:01 IST" skipped="0">
  <testcase classname="Patrol.Test.Patrol_CasueListTest" name="verifyNotification" time="24.841"/>
</testsuite> <!-- Patrol.Test.Patrol_CasueListTest -->
