<?xml version="1.0" encoding="UTF-8"?>
<!-- Generated by org.testng.reporters.JUnitReportReporter -->
<testsuite hostname="Vaibhav" failures="0" tests="1" name="Patrol.Test.AddCases_DC_ByCaseTest" time="87.570" errors="0" timestamp="2024-02-20T14:01:18 IST" skipped="0">
  <testcase classname="Patrol.Test.AddCases_DC_ByCaseTest" name="verifyByCase" time="87.570"/>
</testsuite> <!-- Patrol.Test.AddCases_DC_ByCaseTest -->
