<?xml version="1.0" encoding="UTF-8"?>
<!-- Generated by org.testng.reporters.JUnitReportReporter -->
<testsuite hostname="DESKTOP-JDQLD7V" failures="0" tests="1" name="Patrol.Test.Matterdoctest" time="35.715" errors="0" timestamp="2025-01-29T15:14:45 IST" skipped="0">
  <testcase classname="Patrol.Test.Matterdoctest" name="makeNewMatterforHC" time="35.715"/>
</testsuite> <!-- Patrol.Test.Matterdoctest -->
