<?xml version="1.0" encoding="UTF-8"?>
<!-- Generated by org.testng.reporters.JUnitReportReporter -->
<testsuite hostname="DESKTOP-JDQLD7V" failures="0" tests="1" name="Patrol.Test.CauseList2" time="722.763" errors="0" timestamp="2025-01-30T13:30:28 IST" skipped="0">
  <testcase classname="Patrol.Test.CauseList2" name="verifyCauseList" time="722.763"/>
</testsuite> <!-- Patrol.Test.CauseList2 -->
