<?xml version="1.0" encoding="UTF-8"?>
<!-- Generated by org.testng.reporters.JUnitReportReporter -->
<testsuite hostname="Vaibhav" failures="0" tests="1" name="Patrol.Test.AddCases_SC_ByDiaryNumberTest" time="60.718" errors="0" timestamp="2024-01-29T17:54:34 IST" skipped="0">
  <testcase classname="Patrol.Test.AddCases_SC_ByDiaryNumberTest" name="verifyAddCases_SC_ByDiaryNo" time="60.718"/>
</testsuite> <!-- Patrol.Test.AddCases_SC_ByDiaryNumberTest -->
