<?xml version="1.0" encoding="UTF-8"?>
<!-- Generated by org.testng.reporters.JUnitReportReporter -->
<testsuite hostname="DESKTOP-JDQLD7V" failures="0" tests="1" name="Patrol.Test.AddCases_SC_ByPartNameTest" time="48.318" errors="0" timestamp="2025-01-28T16:12:30 IST" skipped="0">
  <testcase classname="Patrol.Test.AddCases_SC_ByPartNameTest" name="verifyAddCase_SC_ByPartyType" time="48.318"/>
</testsuite> <!-- Patrol.Test.AddCases_SC_ByPartNameTest -->
