<?xml version="1.0" encoding="UTF-8"?>
<!-- Generated by org.testng.reporters.JUnitReportReporter -->
<testsuite hostname="DESKTOP-JDQLD7V" failures="0" tests="1" name="Patrol.Test.Patrol_CalendarTest" time="22.691" errors="0" timestamp="2025-01-27T15:43:27 IST" skipped="0">
  <testcase classname="Patrol.Test.Patrol_CalendarTest" name="verifyNotification" time="22.691"/>
</testsuite> <!-- Patrol.Test.Patrol_CalendarTest -->
