<?xml version="1.0" encoding="UTF-8"?>
<!-- Generated by org.testng.reporters.JUnitReportReporter -->
<testsuite hostname="DESKTOP-JDQLD7V" failures="0" tests="1" name="Patrol.Test.MatterForTribunals" time="85.900" errors="0" timestamp="2024-11-30T13:14:38 IST" skipped="0">
  <testcase classname="Patrol.Test.MatterForTribunals" name="makeNewMatterforTribunal" time="85.900"/>
  <system-out>
    <![CDATA[take screenshot succesfully]]>
  </system-out>
</testsuite> <!-- Patrol.Test.MatterForTribunals -->
