<?xml version="1.0" encoding="UTF-8"?>
<!-- Generated by org.testng.reporters.JUnitReportReporter -->
<testsuite hostname="Vaibhav" failures="0" tests="1" name="Patrol.Test.AddCases_SelectForumTest" time="28.806" errors="0" timestamp="2024-01-23T12:38:00 IST" skipped="0">
  <testcase classname="Patrol.Test.AddCases_SelectForumTest" name="verifyForum" time="28.806"/>
</testsuite> <!-- Patrol.Test.AddCases_SelectForumTest -->
