<?xml version="1.0" encoding="UTF-8"?>
<!-- Generated by org.testng.reporters.JUnitReportReporter -->
<testsuite hostname="DESKTOP-JDQLD7V" failures="0" tests="1" name="Patrol.Test.MatterforDrat" time="106.647" errors="0" timestamp="2025-01-29T15:20:59 IST" skipped="0">
  <testcase classname="Patrol.Test.MatterforDrat" name="makeNewMatterforTribunal" time="106.647"/>
</testsuite> <!-- Patrol.Test.MatterforDrat -->
