<?xml version="1.0" encoding="UTF-8"?>
<!-- Generated by org.testng.reporters.JUnitReportReporter -->
<testsuite hostname="Vaibhav" failures="0" tests="1" name="Patrol.Test.AddCases_Tribunal_ByCaseTest" time="54.652" errors="0" timestamp="2024-02-23T19:58:22 IST" skipped="0">
  <testcase classname="Patrol.Test.AddCases_Tribunal_ByCaseTest" name="verifyTribunals" time="54.652"/>
</testsuite> <!-- Patrol.Test.AddCases_Tribunal_ByCaseTest -->
