<?xml version="1.0" encoding="UTF-8"?>
<!-- Generated by org.testng.reporters.JUnitReportReporter -->
<testsuite hostname="DESKTOP-JDQLD7V" failures="0" tests="1" name="Patrol.Test.MatterDetailsTest" time="40.832" errors="0" timestamp="2025-01-06T14:27:43 IST" skipped="0">
  <testcase classname="Patrol.Test.MatterDetailsTest" name="makeNewMatterforHC" time="40.832"/>
  <system-out>
    <![CDATA[take screenshot succesfully]]>
  </system-out>
</testsuite> <!-- Patrol.Test.MatterDetailsTest -->
