<?xml version="1.0" encoding="UTF-8"?>
<!-- Generated by org.testng.reporters.JUnitReportReporter -->
<testsuite hostname="DESKTOP-JDQLD7V" failures="0" tests="1" name="Patrol.Test.AddCases_Tribunal_ByCaseTest" time="42.347" errors="0" timestamp="2024-10-11T17:13:48 IST" skipped="0">
  <testcase classname="Patrol.Test.AddCases_Tribunal_ByCaseTest" name="verifyTribunals" time="42.347"/>
</testsuite> <!-- Patrol.Test.AddCases_Tribunal_ByCaseTest -->
