<?xml version="1.0" encoding="UTF-8"?>
<!-- Generated by org.testng.reporters.JUnitReportReporter -->
<testsuite hostname="DESKTOP-JDQLD7V" failures="0" tests="1" name="Patrol.Test.MatterDetailsTest" time="39.488" errors="0" timestamp="2025-01-29T15:11:37 IST" skipped="0">
  <testcase classname="Patrol.Test.MatterDetailsTest" name="makeNewMatterforHC" time="39.488"/>
</testsuite> <!-- Patrol.Test.MatterDetailsTest -->
