<?xml version="1.0" encoding="UTF-8"?>
<!-- Generated by org.testng.reporters.JUnitReportReporter -->
<testsuite hostname="DESKTOP-JDQLD7V" failures="0" tests="1" name="Patrol.Test.Patro_ReportTest" time="15.895" errors="0" timestamp="2025-01-29T14:58:01 IST" skipped="0">
  <testcase classname="Patrol.Test.Patro_ReportTest" name="verifyNotification" time="15.895"/>
</testsuite> <!-- Patrol.Test.Patro_ReportTest -->
