<?xml version="1.0" encoding="UTF-8"?>
<!-- Generated by org.testng.reporters.JUnitReportReporter -->
<testsuite hostname="DESKTOP-JDQLD7V" failures="0" tests="1" name="Patrol.Test.Errorpagetest" time="770.089" errors="0" timestamp="2025-01-28T18:02:18 IST" skipped="0">
  <testcase classname="Patrol.Test.Errorpagetest" name="documentpage" time="770.089"/>
</testsuite> <!-- Patrol.Test.Errorpagetest -->
