<?xml version="1.0" encoding="UTF-8"?>
<!-- Generated by org.testng.reporters.JUnitReportReporter -->
<testsuite hostname="DESKTOP-JDQLD7V" failures="0" tests="1" name="Patrol.Test.AddCases_SC_ByCaseTypeTest" time="38.049" errors="0" timestamp="2025-01-28T15:56:16 IST" skipped="0">
  <testcase classname="Patrol.Test.AddCases_SC_ByCaseTypeTest" name="verifyAddCases_SC_ByCaseType" time="38.049"/>
</testsuite> <!-- Patrol.Test.AddCases_SC_ByCaseTypeTest -->
