<?xml version="1.0" encoding="UTF-8"?>
<!-- Generated by org.testng.reporters.JUnitReportReporter -->
<testsuite hostname="DESKTOP-JDQLD7V" failures="0" tests="1" name="Patrol.Test.MatterForSC" time="80.154" errors="0" timestamp="2025-01-29T15:28:48 IST" skipped="0">
  <testcase classname="Patrol.Test.MatterForSC" name="makeNewMatterforsc" time="80.154"/>
</testsuite> <!-- Patrol.Test.MatterForSC -->
