<?xml version="1.0" encoding="UTF-8"?>
<!-- Generated by org.testng.reporters.JUnitReportReporter -->
<testsuite hostname="DESKTOP-JDQLD7V" failures="0" tests="1" name="Patrol.Test.AddCases_DC_ByCaseTest" time="67.509" errors="0" timestamp="2025-01-28T15:29:31 IST" skipped="0">
  <testcase classname="Patrol.Test.AddCases_DC_ByCaseTest" name="verifyByCase" time="67.509"/>
</testsuite> <!-- Patrol.Test.AddCases_DC_ByCaseTest -->
