<?xml version="1.0" encoding="UTF-8"?>
<!-- Generated by org.testng.reporters.JUnitReportReporter -->
<testsuite hostname="Vaibhav" failures="0" tests="1" name="Patrol.Test.DashBoardTest" time="17.207" errors="0" timestamp="2024-01-22T21:40:07 IST" skipped="0">
  <testcase classname="Patrol.Test.DashBoardTest" name="verifyDashBoard" time="17.207"/>
</testsuite> <!-- Patrol.Test.DashBoardTest -->
