<?xml version="1.0" encoding="UTF-8"?>
<!-- Generated by org.testng.reporters.JUnitReportReporter -->
<testsuite hostname="DESKTOP-JDQLD7V" failures="0" tests="1" name="Patrol.Test.Matterdoctest" time="36.712" errors="0" timestamp="2024-11-26T11:59:40 IST" skipped="0">
  <testcase classname="Patrol.Test.Matterdoctest" name="makeNewMatterforHC" time="36.712"/>
  <system-out>
    <![CDATA[take screenshot succesfully]]>
  </system-out>
</testsuite> <!-- Patrol.Test.Matterdoctest -->
