<?xml version="1.0" encoding="UTF-8"?>
<!-- Generated by org.testng.reporters.JUnitReportReporter -->
<testsuite hostname="DESKTOP-JDQLD7V" failures="0" tests="1" name="Patrol.Test.ActiveFirmTest" time="16.599" errors="0" timestamp="2025-01-09T11:50:38 IST" skipped="0">
  <testcase classname="Patrol.Test.ActiveFirmTest" name="verifyActiveFirm" time="16.599"/>
</testsuite> <!-- Patrol.Test.ActiveFirmTest -->
