<?xml version="1.0" encoding="UTF-8"?>
<!-- Generated by org.testng.reporters.JUnitReportReporter -->
<testsuite hostname="DESKTOP-JDQLD7V" failures="0" tests="1" name="Patrol.Test.DocumentTest" time="46.016" errors="0" timestamp="2025-01-28T17:37:04 IST" skipped="0">
  <testcase classname="Patrol.Test.DocumentTest" name="documentpage" time="46.016"/>
</testsuite> <!-- Patrol.Test.DocumentTest -->
