<?xml version="1.0" encoding="UTF-8"?>
<!-- Generated by org.testng.reporters.JUnitReportReporter -->
<testsuite hostname="DESKTOP-JDQLD7V" failures="0" tests="1" name="Patrol.Test.PeopleSearchTest" time="32.834" errors="0" timestamp="2024-12-04T13:38:39 IST" skipped="0">
  <testcase classname="Patrol.Test.PeopleSearchTest" name="makeNewMatter" time="32.834"/>
  <system-out>
    <![CDATA[take screenshot succesfully]]>
  </system-out>
</testsuite> <!-- Patrol.Test.PeopleSearchTest -->
