<?xml version="1.0" encoding="UTF-8"?>
<!-- Generated by org.testng.reporters.JUnitReportReporter -->
<testsuite hostname="Vaibhav" failures="0" tests="1" name="Patrol.Test.AddCase_HC_ByAdvocateTest" time="108.509" errors="0" timestamp="2024-02-19T12:46:10 IST" skipped="0">
  <testcase classname="Patrol.Test.AddCase_HC_ByAdvocateTest" name="verifyByAdvocate" time="108.509"/>
</testsuite> <!-- Patrol.Test.AddCase_HC_ByAdvocateTest -->
