<?xml version="1.0" encoding="UTF-8"?>
<!-- Generated by org.testng.reporters.JUnitReportReporter -->
<testsuite hostname="Vaibhav" failures="0" tests="1" name="Patrol.Utility.Hello" time="0.007" errors="0" timestamp="2024-01-16T16:11:57 IST" skipped="0">
  <testcase classname="Patrol.Utility.Hello" name="words" time="0.007"/>
</testsuite> <!-- Patrol.Utility.Hello -->
