<?xml version="1.0" encoding="UTF-8"?>
<!-- Generated by org.testng.reporters.JUnitReportReporter -->
<testsuite hostname="Vaibhav" failures="0" tests="1" name="Patrol.Test.AddCase_HC_ByPartyNameTest" time="110.553" errors="0" timestamp="2024-02-13T19:58:11 IST" skipped="0">
  <testcase classname="Patrol.Test.AddCase_HC_ByPartyNameTest" name="verifyAddCase_HC_ByPartyName" time="110.553"/>
</testsuite> <!-- Patrol.Test.AddCase_HC_ByPartyNameTest -->
