<?xml version="1.0" encoding="UTF-8"?>
<!-- Generated by org.testng.reporters.JUnitReportReporter -->
<testsuite hostname="Vaibhav" failures="0" tests="1" name="Patrol.Test.AddCases_DC_ByPartyNameTest" time="102.604" errors="0" timestamp="2024-02-20T18:24:39 IST" skipped="0">
  <testcase classname="Patrol.Test.AddCases_DC_ByPartyNameTest" name="verifyByPartyName" time="102.604"/>
</testsuite> <!-- Patrol.Test.AddCases_DC_ByPartyNameTest -->
