<?xml version="1.0" encoding="UTF-8"?>
<!-- Generated by org.testng.reporters.JUnitReportReporter -->
<testsuite hostname="DESKTOP-JDQLD7V" failures="0" tests="1" name="Patrol.Test.AddCases_SC_ByDiaryNumberTest" time="38.218" errors="0" timestamp="2025-01-28T15:59:12 IST" skipped="0">
  <testcase classname="Patrol.Test.AddCases_SC_ByDiaryNumberTest" name="verifyAddCases_SC_ByDiaryNo" time="38.218"/>
</testsuite> <!-- Patrol.Test.AddCases_SC_ByDiaryNumberTest -->
