<?xml version="1.0" encoding="UTF-8"?>
<!-- Generated by org.testng.reporters.JUnitReportReporter -->
<testsuite hostname="DESKTOP-JDQLD7V" failures="0" tests="1" name="Patrol.Test.AddCases_HC_ByCaseTest" time="49.283" errors="0" timestamp="2025-01-28T15:45:25 IST" skipped="0">
  <testcase classname="Patrol.Test.AddCases_HC_ByCaseTest" name="verifyAddCases_HC_ByCase" time="49.283"/>
</testsuite> <!-- Patrol.Test.AddCases_HC_ByCaseTest -->
