<?xml version="1.0" encoding="UTF-8"?>
<!-- Generated by org.testng.reporters.JUnitReportReporter -->
<testsuite hostname="Vaibhav" failures="0" tests="1" name="Patrol.Test.LoginPageTest" time="12.526" errors="0" timestamp="2024-01-17T16:07:18 IST" skipped="0">
  <testcase classname="Patrol.Test.LoginPageTest" name="Verifyloginpage" time="12.526"/>
</testsuite> <!-- Patrol.Test.LoginPageTest -->
