<?xml version="1.0" encoding="UTF-8"?>
<!-- Generated by org.testng.reporters.JUnitReportReporter -->
<testsuite hostname="DESKTOP-JDQLD7V" failures="0" tests="1" name="Patrol.Test.LoginPageTest" time="13.977" errors="0" timestamp="2024-11-26T11:57:26 IST" skipped="0">
  <testcase classname="Patrol.Test.LoginPageTest" name="Verifyloginpage" time="13.977"/>
  <system-out>
    <![CDATA[take screenshot succesfully]]>
  </system-out>
</testsuite> <!-- Patrol.Test.LoginPageTest -->
