<?xml version="1.0" encoding="UTF-8"?>
<!-- Generated by org.testng.reporters.JUnitReportReporter -->
<testsuite hostname="DESKTOP-JDQLD7V" failures="0" tests="1" name="Patrol.Test.Notification_Test" time="161.668" errors="0" timestamp="2025-01-29T16:58:44 IST" skipped="0">
  <testcase classname="Patrol.Test.Notification_Test" name="verifyNotification" time="161.668"/>
</testsuite> <!-- Patrol.Test.Notification_Test -->
